2024-04-26 15:30 INFO     epoch=0, batch=1, train loss= 271391.9003, valid metric= 0.1030.
Find better model, saved to ./checkpoints/2024_0426(1714116650)\best_model.xz.
2024-04-26 15:30 INFO     epoch=0, batch=51, train loss= 29343.5208, valid metric= 0.4866.
Find better model, saved to ./checkpoints/2024_0426(1714116650)\best_model.xz.
2024-04-26 15:31 INFO     epoch=0, batch=101, train loss= 16139.8185, valid metric= 0.5431.
Find better model, saved to ./checkpoints/2024_0426(1714116650)\best_model.xz.
2024-04-26 15:31 INFO     epoch=0, batch=151, train loss= 11660.7149, valid metric= 0.6273.
Find better model, saved to ./checkpoints/2024_0426(1714116650)\best_model.xz.
2024-04-26 15:31 INFO     epoch=0, batch=201, train loss= 9417.0616, valid metric= 0.5774
2024-04-26 15:31 INFO     epoch=0, batch=251, train loss= 8089.5728, valid metric= 0.5546
2024-04-26 15:31 INFO     epoch=0, batch=301, train loss= 7031.5122, valid metric= 0.6437.
Find better model, saved to ./checkpoints/2024_0426(1714116650)\best_model.xz.
2024-04-26 15:31 INFO     epoch=0, batch=351, train loss= 6367.9558, valid metric= 0.5577
2024-04-26 15:31 INFO     epoch=0, batch=401, train loss= 5829.5088, valid metric= 0.6442.
Find better model, saved to ./checkpoints/2024_0426(1714116650)\best_model.xz.
2024-04-26 15:31 INFO     epoch=0, batch=451, train loss= 5603.8092, valid metric= 0.7066.
Find better model, saved to ./checkpoints/2024_0426(1714116650)\best_model.xz.
2024-04-26 15:31 INFO     epoch=0, batch=501, train loss= 5337.2088, valid metric= 0.6287
2024-04-26 15:31 INFO     epoch=0, batch=551, train loss= 5237.9224, valid metric= 0.7331.
Find better model, saved to ./checkpoints/2024_0426(1714116650)\best_model.xz.
2024-04-26 15:31 INFO     epoch=0, batch=601, train loss= 5055.0529, valid metric= 0.7299
2024-04-26 15:31 INFO     epoch=0, batch=651, train loss= 4863.1939, valid metric= 0.7123
2024-04-26 15:31 INFO     epoch=0, batch=701, train loss= 4664.2445, valid metric= 0.6496
2024-04-26 15:31 INFO     epoch=0, batch=751, train loss= 4582.6220, valid metric= 0.6819
2024-04-26 15:31 INFO     epoch=0, batch=801, train loss= 4505.6992, valid metric= 0.7309
2024-04-26 15:31 INFO     epoch=0, batch=851, train loss= 4425.9101, valid metric= 0.6516
2024-04-26 15:31 INFO     epoch=0, batch=901, train loss= 4362.6164, valid metric= 0.6867
2024-04-26 15:31 INFO     epoch=0, batch=951, train loss= 4291.9799, valid metric= 0.7302
2024-04-26 15:31 INFO     epoch=0, batch=1001, train loss= 4215.6535, valid metric= 0.7115
2024-04-26 15:32 INFO     epoch=0, batch=1051, train loss= 4120.7052, valid metric= 0.7372.
Find better model, saved to ./checkpoints/2024_0426(1714116650)\best_model.xz.
2024-04-26 15:32 INFO     epoch=0, batch=1101, train loss= 4038.9769, valid metric= 0.7336
2024-04-26 15:32 INFO     epoch=0, batch=1151, train loss= 4004.9851, valid metric= 0.7272
2024-04-26 15:32 INFO     epoch=0, batch=1201, train loss= 3940.6130, valid metric= 0.7311
2024-04-26 15:32 INFO     epoch=0, batch=1251, train loss= 3880.0606, valid metric= 0.7501.
Find better model, saved to ./checkpoints/2024_0426(1714116650)\best_model.xz.
2024-04-26 15:32 INFO     epoch=0, batch=1301, train loss= 3832.7432, valid metric= 0.7431
2024-04-26 15:32 INFO     epoch=0, batch=1351, train loss= 3778.7348, valid metric= 0.7259
2024-04-26 15:32 INFO     epoch=0, batch=1401, train loss= 3727.2101, valid metric= 0.7629.
Find better model, saved to ./checkpoints/2024_0426(1714116650)\best_model.xz.
2024-04-26 15:32 INFO     epoch=0, batch=1451, train loss= 3684.4935, valid metric= 0.6532
2024-04-26 15:32 INFO     epoch=0, batch=1501, train loss= 3646.1071, valid metric= 0.6477
2024-04-26 15:32 INFO     epoch=0, batch=1551, train loss= 3625.4957, valid metric= 0.7328
2024-04-26 15:32 INFO     epoch=0, batch=1601, train loss= 3576.0196, valid metric= 0.6027
2024-04-26 15:32 INFO     epoch=0, batch=1651, train loss= 3549.2953, valid metric= 0.6565
2024-04-26 15:32 INFO     epoch=0, batch=1701, train loss= 3516.8350, valid metric= 0.7515
2024-04-26 15:32 INFO     epoch=0, batch=1751, train loss= 3474.7147, valid metric= 0.7502
2024-04-26 15:32 INFO     epoch=0, batch=1801, train loss= 3453.3135, valid metric= 0.7947.
Find better model, saved to ./checkpoints/2024_0426(1714116650)\best_model.xz.
2024-04-26 15:32 INFO     epoch=0, batch=1851, train loss= 3433.0928, valid metric= 0.6480
2024-04-26 15:32 INFO     epoch=0, batch=1901, train loss= 3410.8815, valid metric= 0.7722
2024-04-26 15:32 INFO     epoch=0, batch=1951, train loss= 3398.7749, valid metric= 0.5948
2024-04-26 15:33 INFO     epoch=0, batch=2001, train loss= 3388.6560, valid metric= 0.7552
2024-04-26 15:33 INFO     epoch=0, batch=2051, train loss= 3357.7742, valid metric= 0.6714
2024-04-26 15:33 INFO     epoch=0, batch=2101, train loss= 3340.2145, valid metric= 0.7352
2024-04-26 15:33 INFO     epoch=0, batch=2151, train loss= 3319.6798, valid metric= 0.7513
2024-04-26 15:33 INFO     epoch=0, batch=2201, train loss= 3294.3842, valid metric= 0.7671
2024-04-26 15:33 INFO     epoch=0, batch=2251, train loss= 3269.0819, valid metric= 0.7111
2024-04-26 15:33 INFO     epoch=0, batch=2301, train loss= 3262.7633, valid metric= 0.6687
2024-04-26 15:33 INFO     epoch=0, batch=2351, train loss= 3242.8724, valid metric= 0.7706
2024-04-26 15:33 INFO     epoch=0, batch=2401, train loss= 3238.9834, valid metric= 0.7362
2024-04-26 15:33 INFO     epoch=0, batch=2451, train loss= 3229.4265, valid metric= 0.7202
2024-04-26 15:33 INFO     epoch=0, batch=2501, train loss= 3224.9740, valid metric= 0.7366
2024-04-26 15:33 INFO     epoch=0, batch=2551, train loss= 3212.8627, valid metric= 0.8023.
Find better model, saved to ./checkpoints/2024_0426(1714116650)\best_model.xz.
2024-04-26 15:33 INFO     epoch=0, batch=2601, train loss= 3199.4332, valid metric= 0.7445
2024-04-26 15:33 INFO     epoch=0, batch=2651, train loss= 3188.1712, valid metric= 0.7683
2024-04-26 15:33 INFO     epoch=0, batch=2701, train loss= 3173.5328, valid metric= 0.7428
2024-04-26 15:33 INFO     epoch=0, batch=2751, train loss= 3169.9950, valid metric= 0.7341
2024-04-26 15:33 INFO     epoch=0, batch=2801, train loss= 3157.5994, valid metric= 0.7556
2024-04-26 15:33 INFO     epoch=0, batch=2851, train loss= 3159.6334, valid metric= 0.7480
2024-04-26 15:33 INFO     epoch=0, batch=2901, train loss= 3150.4075, valid metric= 0.7566
2024-04-26 15:34 INFO     epoch=0, batch=2951, train loss= 3138.8906, valid metric= 0.7987
2024-04-26 15:34 INFO     epoch=1, batch=1, train loss= 3090.5034, valid metric= 0.7583
2024-04-26 15:34 INFO     epoch=1, batch=51, train loss= 3164.5701, valid metric= 0.7594
2024-04-26 15:34 INFO     epoch=1, batch=101, train loss= 2891.3496, valid metric= 0.7928
2024-04-26 15:34 INFO     epoch=1, batch=151, train loss= 2538.0590, valid metric= 0.7884
2024-04-26 15:34 INFO     epoch=1, batch=201, train loss= 2643.5217, valid metric= 0.7887
2024-04-26 15:34 INFO     epoch=1, batch=251, train loss= 2752.8786, valid metric= 0.7020
2024-04-26 15:34 INFO     epoch=1, batch=301, train loss= 2598.9939, valid metric= 0.7777
2024-04-26 15:34 INFO     epoch=1, batch=351, train loss= 2545.1513, valid metric= 0.7685
2024-04-26 15:34 INFO     epoch=1, batch=401, train loss= 2636.1846, valid metric= 0.6839
2024-04-26 15:34 INFO     epoch=1, batch=451, train loss= 2700.2299, valid metric= 0.7332
2024-04-26 15:34 INFO     epoch=1, batch=501, train loss= 2675.2327, valid metric= 0.7765
2024-04-26 15:34 INFO     epoch=1, batch=551, train loss= 2599.1997, valid metric= 0.8046.
Find better model, saved to ./checkpoints/2024_0426(1714116650)\best_model.xz.
2024-04-26 15:34 INFO     epoch=1, batch=601, train loss= 2570.7918, valid metric= 0.7882
2024-04-26 15:34 INFO     epoch=1, batch=651, train loss= 2539.4182, valid metric= 0.7715
2024-04-26 15:34 INFO     epoch=1, batch=701, train loss= 2493.1354, valid metric= 0.7819
2024-04-26 15:34 INFO     epoch=1, batch=751, train loss= 2504.3839, valid metric= 0.7363
2024-04-26 15:34 INFO     epoch=1, batch=801, train loss= 2653.5809, valid metric= 0.6417
2024-04-26 15:34 INFO     epoch=1, batch=851, train loss= 2678.9688, valid metric= 0.7588
2024-04-26 15:34 INFO     epoch=1, batch=901, train loss= 2645.9525, valid metric= 0.7983
2024-04-26 15:35 INFO     epoch=1, batch=951, train loss= 2645.5690, valid metric= 0.7725
2024-04-26 15:35 INFO     epoch=1, batch=1001, train loss= 2620.2950, valid metric= 0.7492
2024-04-26 15:35 INFO     epoch=1, batch=1051, train loss= 2622.0508, valid metric= 0.7708
2024-04-26 15:35 INFO     epoch=1, batch=1101, train loss= 2607.6339, valid metric= 0.8113.
Find better model, saved to ./checkpoints/2024_0426(1714116650)\best_model.xz.
2024-04-26 15:35 INFO     epoch=1, batch=1151, train loss= 2593.5946, valid metric= 0.7975
2024-04-26 15:35 INFO     epoch=1, batch=1201, train loss= 2576.1157, valid metric= 0.7915
2024-04-26 15:35 INFO     epoch=1, batch=1251, train loss= 2562.2853, valid metric= 0.7846
2024-04-26 15:35 INFO     epoch=1, batch=1301, train loss= 2539.1954, valid metric= 0.6993
2024-04-26 15:35 INFO     epoch=1, batch=1351, train loss= 2525.3967, valid metric= 0.7552
2024-04-26 15:35 INFO     epoch=1, batch=1401, train loss= 2525.5429, valid metric= 0.7322
2024-04-26 15:35 INFO     epoch=1, batch=1451, train loss= 2507.9065, valid metric= 0.7729
2024-04-26 15:35 INFO     epoch=1, batch=1501, train loss= 2501.2758, valid metric= 0.6960
2024-04-26 15:35 INFO     epoch=1, batch=1551, train loss= 2505.2259, valid metric= 0.7974
2024-04-26 15:35 INFO     epoch=1, batch=1601, train loss= 2474.2589, valid metric= 0.7760
2024-04-26 15:35 INFO     epoch=1, batch=1651, train loss= 2455.7464, valid metric= 0.8103
2024-04-26 15:35 INFO     epoch=1, batch=1701, train loss= 2444.9790, valid metric= 0.7541
2024-04-26 15:35 INFO     epoch=1, batch=1751, train loss= 2431.6112, valid metric= 0.7043
2024-04-26 15:35 INFO     epoch=1, batch=1801, train loss= 2426.1768, valid metric= 0.7177
2024-04-26 15:35 INFO     epoch=1, batch=1851, train loss= 2428.5229, valid metric= 0.7788
2024-04-26 15:36 INFO     epoch=1, batch=1901, train loss= 2415.3435, valid metric= 0.8107
2024-04-26 15:36 INFO     epoch=1, batch=1951, train loss= 2432.1740, valid metric= 0.7954
2024-04-26 15:36 INFO     epoch=1, batch=2001, train loss= 2443.9936, valid metric= 0.7705
2024-04-26 15:36 INFO     epoch=1, batch=2051, train loss= 2425.8197, valid metric= 0.7369
2024-04-26 15:36 INFO     epoch=2, batch=1, train loss= 4398.2076, valid metric= 0.7435
2024-04-26 15:36 INFO     epoch=2, batch=51, train loss= 2666.7956, valid metric= 0.7029
2024-04-26 15:36 INFO     epoch=2, batch=101, train loss= 2790.2835, valid metric= 0.7493
2024-04-26 15:36 INFO     epoch=2, batch=151, train loss= 2492.5507, valid metric= 0.8117.
Find better model, saved to ./checkpoints/2024_0426(1714116650)\best_model.xz.
2024-04-26 15:36 INFO     epoch=2, batch=201, train loss= 2425.8061, valid metric= 0.8093
2024-04-26 15:36 INFO     epoch=2, batch=251, train loss= 2386.2750, valid metric= 0.7642
2024-04-26 15:36 INFO     epoch=2, batch=301, train loss= 2307.7080, valid metric= 0.7312
2024-04-26 15:36 INFO     epoch=2, batch=351, train loss= 2278.8442, valid metric= 0.7696
2024-04-26 15:36 INFO     epoch=2, batch=401, train loss= 2197.4585, valid metric= 0.7889
2024-04-26 15:36 INFO     epoch=2, batch=451, train loss= 2274.1686, valid metric= 0.7298
2024-04-26 15:36 INFO     epoch=2, batch=501, train loss= 2291.2762, valid metric= 0.7897
2024-04-26 15:36 INFO     epoch=2, batch=551, train loss= 2283.4960, valid metric= 0.7809
2024-04-26 15:36 INFO     epoch=2, batch=601, train loss= 2269.6889, valid metric= 0.7848
2024-04-26 15:36 INFO     epoch=2, batch=651, train loss= 2232.2066, valid metric= 0.7858
2024-04-26 15:36 INFO     epoch=2, batch=701, train loss= 2179.3274, valid metric= 0.8233.
Find better model, saved to ./checkpoints/2024_0426(1714116650)\best_model.xz.
2024-04-26 15:36 INFO     epoch=2, batch=751, train loss= 2164.5269, valid metric= 0.7892
2024-04-26 15:37 INFO     epoch=2, batch=801, train loss= 2236.8211, valid metric= 0.6886
2024-04-26 15:37 INFO     epoch=2, batch=851, train loss= 2232.2630, valid metric= 0.7586
2024-04-26 15:37 INFO     epoch=2, batch=901, train loss= 2259.2674, valid metric= 0.7441
2024-04-26 15:37 INFO     epoch=2, batch=951, train loss= 2258.4340, valid metric= 0.7532
2024-04-26 15:37 INFO     epoch=2, batch=1001, train loss= 2245.7231, valid metric= 0.8023
2024-04-26 15:37 INFO     epoch=2, batch=1051, train loss= 2226.8438, valid metric= 0.7659
2024-04-26 15:37 INFO     epoch=2, batch=1101, train loss= 2211.0074, valid metric= 0.8080
2024-04-26 15:37 INFO     epoch=2, batch=1151, train loss= 2201.2038, valid metric= 0.8178
2024-04-26 15:37 INFO     epoch=2, batch=1201, train loss= 2182.2982, valid metric= 0.7953
2024-04-26 15:37 INFO     epoch=2, batch=1251, train loss= 2168.1898, valid metric= 0.6983
2024-04-26 15:37 INFO     epoch=2, batch=1301, train loss= 2158.5267, valid metric= 0.8146
2024-04-26 15:37 INFO     epoch=2, batch=1351, train loss= 2139.1064, valid metric= 0.7917
2024-04-26 15:37 INFO     epoch=2, batch=1401, train loss= 2115.1488, valid metric= 0.7720
2024-04-26 15:37 INFO     epoch=2, batch=1451, train loss= 2102.0245, valid metric= 0.8282.
Find better model, saved to ./checkpoints/2024_0426(1714116650)\best_model.xz.
2024-04-26 15:37 INFO     epoch=2, batch=1501, train loss= 2067.2527, valid metric= 0.8037
2024-04-26 15:37 INFO     epoch=2, batch=1551, train loss= 2056.3028, valid metric= 0.7765
2024-04-26 15:37 INFO     epoch=2, batch=1601, train loss= 2033.1509, valid metric= 0.7429
2024-04-26 15:37 INFO     epoch=2, batch=1651, train loss= 2021.8202, valid metric= 0.8237
2024-04-26 15:37 INFO     epoch=2, batch=1701, train loss= 2002.5628, valid metric= 0.7188
2024-04-26 15:37 INFO     epoch=2, batch=1751, train loss= 2000.1314, valid metric= 0.6458
2024-04-26 15:38 INFO     epoch=2, batch=1801, train loss= 1993.3322, valid metric= 0.7891
2024-04-26 15:38 INFO     epoch=2, batch=1851, train loss= 1984.0358, valid metric= 0.7725
2024-04-26 15:38 INFO     epoch=2, batch=1901, train loss= 1975.0844, valid metric= 0.7597
2024-04-26 15:38 INFO     epoch=2, batch=1951, train loss= 1975.2797, valid metric= 0.7905
2024-04-26 15:38 INFO     epoch=2, batch=2001, train loss= 1975.6405, valid metric= 0.7130
2024-04-26 15:38 INFO     epoch=2, batch=2051, train loss= 1971.7019, valid metric= 0.8039
2024-04-26 15:38 INFO     epoch=2, batch=2101, train loss= 1959.4256, valid metric= 0.8045
2024-04-26 15:38 INFO     epoch=2, batch=2151, train loss= 1951.6090, valid metric= 0.8033
2024-04-26 15:38 INFO     epoch=2, batch=2201, train loss= 1940.5127, valid metric= 0.8091
2024-04-26 15:38 INFO     epoch=2, batch=2251, train loss= 1937.2094, valid metric= 0.7470
2024-04-26 15:38 INFO     epoch=2, batch=2301, train loss= 1939.5189, valid metric= 0.7559
2024-04-26 15:38 INFO     epoch=2, batch=2351, train loss= 1935.2047, valid metric= 0.8313.
Find better model, saved to ./checkpoints/2024_0426(1714116650)\best_model.xz.
2024-04-26 15:38 INFO     epoch=2, batch=2401, train loss= 1922.9045, valid metric= 0.7688
2024-04-26 15:38 INFO     epoch=2, batch=2451, train loss= 1911.5735, valid metric= 0.7786
2024-04-26 15:38 INFO     epoch=2, batch=2501, train loss= 1902.8294, valid metric= 0.7684
2024-04-26 15:38 INFO     epoch=2, batch=2551, train loss= 1906.2480, valid metric= 0.7947
2024-04-26 15:38 INFO     epoch=2, batch=2601, train loss= 1911.5454, valid metric= 0.8026
2024-04-26 15:38 INFO     epoch=2, batch=2651, train loss= 1909.7144, valid metric= 0.7659
2024-04-26 15:38 INFO     epoch=2, batch=2701, train loss= 1906.6571, valid metric= 0.7883
2024-04-26 15:39 INFO     epoch=2, batch=2751, train loss= 1897.2659, valid metric= 0.8069
2024-04-26 15:39 INFO     epoch=2, batch=2801, train loss= 1894.3657, valid metric= 0.7729
2024-04-26 15:39 INFO     epoch=2, batch=2851, train loss= 1902.1500, valid metric= 0.7003
2024-04-26 15:39 INFO     epoch=2, batch=2901, train loss= 1894.5663, valid metric= 0.8096
2024-04-26 15:39 INFO     epoch=2, batch=2951, train loss= 1887.8891, valid metric= 0.8270
2024-04-26 15:39 INFO     epoch=3, batch=1, train loss= 5011.2321, valid metric= 0.7755
2024-04-26 15:39 INFO     epoch=3, batch=51, train loss= 1917.7458, valid metric= 0.7943
2024-04-26 15:39 INFO     epoch=3, batch=101, train loss= 1673.7584, valid metric= 0.8467.
Find better model, saved to ./checkpoints/2024_0426(1714116650)\best_model.xz.
2024-04-26 15:39 INFO     epoch=3, batch=151, train loss= 1500.0801, valid metric= 0.8284
2024-04-26 15:39 INFO     epoch=3, batch=201, train loss= 1429.7735, valid metric= 0.8348
2024-04-26 15:39 INFO     epoch=3, batch=251, train loss= 1509.5794, valid metric= 0.7535
2024-04-26 15:39 INFO     epoch=3, batch=301, train loss= 1440.3591, valid metric= 0.7862
2024-04-26 15:39 INFO     epoch=3, batch=351, train loss= 1409.8140, valid metric= 0.7947
2024-04-26 15:39 INFO     epoch=3, batch=401, train loss= 1367.7477, valid metric= 0.8040
2024-04-26 15:39 INFO     epoch=3, batch=451, train loss= 1376.1971, valid metric= 0.7328
2024-04-26 15:39 INFO     epoch=3, batch=501, train loss= 1403.8014, valid metric= 0.7816
2024-04-26 15:39 INFO     epoch=3, batch=551, train loss= 1398.4973, valid metric= 0.8200
2024-04-26 15:39 INFO     epoch=3, batch=601, train loss= 1402.8226, valid metric= 0.8237
2024-04-26 15:39 INFO     epoch=3, batch=651, train loss= 1384.5491, valid metric= 0.7943
2024-04-26 15:40 INFO     epoch=3, batch=701, train loss= 1377.9777, valid metric= 0.7792
2024-04-26 15:40 INFO     epoch=3, batch=751, train loss= 1373.2496, valid metric= 0.8226
2024-04-26 15:40 INFO     epoch=3, batch=801, train loss= 1391.2038, valid metric= 0.6686
2024-04-26 15:40 INFO     epoch=3, batch=851, train loss= 1421.7613, valid metric= 0.7698
2024-04-26 15:40 INFO     epoch=3, batch=901, train loss= 1405.9150, valid metric= 0.7878
2024-04-26 15:40 INFO     epoch=3, batch=951, train loss= 1398.4332, valid metric= 0.7518
2024-04-26 15:40 INFO     epoch=3, batch=1001, train loss= 1391.8497, valid metric= 0.8018
2024-04-26 15:40 INFO     epoch=3, batch=1051, train loss= 1383.1387, valid metric= 0.7877
2024-04-26 15:40 INFO     training done, best metric = 0.8466666666666667
2024-04-26 15:40 INFO     test done, metric = 0.8365
