2024-04-25 05:15 INFO     epoch=0, batch=1, train loss= 328520.7641, valid metric= 0.1003.
Find better model, saved to ./checkpoints/2024_0425(1713993322)\best_model.xz.
2024-04-25 05:15 INFO     epoch=0, batch=51, train loss= 46197.9571, valid metric= 0.4553.
Find better model, saved to ./checkpoints/2024_0425(1713993322)\best_model.xz.
2024-04-25 05:16 INFO     epoch=0, batch=101, train loss= 28400.9073, valid metric= 0.5158.
Find better model, saved to ./checkpoints/2024_0425(1713993322)\best_model.xz.
2024-04-25 05:16 INFO     epoch=0, batch=151, train loss= 21332.7717, valid metric= 0.5386.
Find better model, saved to ./checkpoints/2024_0425(1713993322)\best_model.xz.
2024-04-25 05:17 INFO     epoch=0, batch=201, train loss= 17924.2141, valid metric= 0.5976.
Find better model, saved to ./checkpoints/2024_0425(1713993322)\best_model.xz.
2024-04-25 05:17 INFO     epoch=0, batch=251, train loss= 16162.8953, valid metric= 0.3368
2024-04-25 05:18 INFO     epoch=0, batch=301, train loss= 15410.7462, valid metric= 0.5466
2024-04-25 05:18 INFO     epoch=0, batch=351, train loss= 14212.9309, valid metric= 0.6466.
Find better model, saved to ./checkpoints/2024_0425(1713993322)\best_model.xz.
2024-04-25 05:19 INFO     epoch=0, batch=401, train loss= 13199.3041, valid metric= 0.6228
2024-04-25 05:19 INFO     epoch=0, batch=451, train loss= 13125.7502, valid metric= 0.5191
2024-04-25 05:20 INFO     epoch=0, batch=501, train loss= 12866.1660, valid metric= 0.6299
2024-04-25 05:20 INFO     epoch=0, batch=551, train loss= 12308.9206, valid metric= 0.5619
2024-04-25 05:21 INFO     epoch=0, batch=601, train loss= 11893.2459, valid metric= 0.6145
2024-04-25 05:21 INFO     epoch=0, batch=651, train loss= 11504.3284, valid metric= 0.6976.
Find better model, saved to ./checkpoints/2024_0425(1713993322)\best_model.xz.
2024-04-25 05:22 INFO     epoch=0, batch=701, train loss= 11255.4838, valid metric= 0.6013
2024-04-25 05:22 INFO     epoch=0, batch=751, train loss= 10987.3848, valid metric= 0.7250.
Find better model, saved to ./checkpoints/2024_0425(1713993322)\best_model.xz.
2024-04-25 05:22 INFO     epoch=0, batch=801, train loss= 10777.6615, valid metric= 0.6498
2024-04-25 05:23 INFO     epoch=0, batch=851, train loss= 10739.4145, valid metric= 0.6385
2024-04-25 05:23 INFO     epoch=0, batch=901, train loss= 10888.8050, valid metric= 0.6397
2024-04-25 05:24 INFO     epoch=0, batch=951, train loss= 10943.6932, valid metric= 0.6682
2024-04-25 05:24 INFO     epoch=0, batch=1001, train loss= 10794.3772, valid metric= 0.5694
2024-04-25 05:25 INFO     epoch=0, batch=1051, train loss= 10783.3394, valid metric= 0.5637
2024-04-25 05:25 INFO     epoch=0, batch=1101, train loss= 10771.3191, valid metric= 0.6518
2024-04-25 05:26 INFO     epoch=0, batch=1151, train loss= 10778.5383, valid metric= 0.7048
2024-04-25 05:26 INFO     epoch=0, batch=1201, train loss= 10609.9240, valid metric= 0.6138
2024-04-25 05:27 INFO     epoch=0, batch=1251, train loss= 10619.1991, valid metric= 0.5729
2024-04-25 05:27 INFO     epoch=0, batch=1301, train loss= 10570.8264, valid metric= 0.6516
2024-04-25 05:28 INFO     epoch=0, batch=1351, train loss= 10438.8467, valid metric= 0.7312.
Find better model, saved to ./checkpoints/2024_0425(1713993322)\best_model.xz.
2024-04-25 05:28 INFO     epoch=0, batch=1401, train loss= 10385.6909, valid metric= 0.5930
2024-04-25 05:28 INFO     epoch=0, batch=1451, train loss= 10457.9663, valid metric= 0.6206
2024-04-25 05:29 INFO     epoch=0, batch=1501, train loss= 10545.4765, valid metric= 0.6897
2024-04-25 05:29 INFO     epoch=0, batch=1551, train loss= 10439.7492, valid metric= 0.7371.
Find better model, saved to ./checkpoints/2024_0425(1713993322)\best_model.xz.
2024-04-25 05:30 INFO     epoch=0, batch=1601, train loss= 10358.3505, valid metric= 0.7157
2024-04-25 05:30 INFO     epoch=0, batch=1651, train loss= 10262.3911, valid metric= 0.6845
2024-04-25 05:31 INFO     epoch=0, batch=1701, train loss= 10194.3056, valid metric= 0.6893
2024-04-25 05:31 INFO     epoch=0, batch=1751, train loss= 10185.2401, valid metric= 0.7362
2024-04-25 05:32 INFO     epoch=0, batch=1801, train loss= 10132.2596, valid metric= 0.7464.
Find better model, saved to ./checkpoints/2024_0425(1713993322)\best_model.xz.
2024-04-25 05:32 INFO     epoch=0, batch=1851, train loss= 10140.0812, valid metric= 0.7326
2024-04-25 05:33 INFO     epoch=0, batch=1901, train loss= 10086.7326, valid metric= 0.7121
2024-04-25 05:33 INFO     epoch=0, batch=1951, train loss= 10003.8945, valid metric= 0.7524.
Find better model, saved to ./checkpoints/2024_0425(1713993322)\best_model.xz.
2024-04-25 05:34 INFO     epoch=0, batch=2001, train loss= 9988.1063, valid metric= 0.6811
2024-04-25 05:34 INFO     epoch=0, batch=2051, train loss= 9866.2057, valid metric= 0.6602
2024-04-25 05:35 INFO     epoch=0, batch=2101, train loss= 9892.4671, valid metric= 0.7612.
Find better model, saved to ./checkpoints/2024_0425(1713993322)\best_model.xz.
2024-04-25 05:35 INFO     epoch=0, batch=2151, train loss= 9868.0782, valid metric= 0.7696.
Find better model, saved to ./checkpoints/2024_0425(1713993322)\best_model.xz.
2024-04-25 05:36 INFO     epoch=0, batch=2201, train loss= 9794.3550, valid metric= 0.7381
2024-04-25 05:36 INFO     epoch=0, batch=2251, train loss= 9952.3004, valid metric= 0.6926
2024-04-25 05:36 INFO     epoch=0, batch=2301, train loss= 9935.4704, valid metric= 0.7055
2024-04-25 05:37 INFO     epoch=0, batch=2351, train loss= 9966.4493, valid metric= 0.7358
2024-04-25 05:37 INFO     epoch=0, batch=2401, train loss= 9912.5135, valid metric= 0.7761.
Find better model, saved to ./checkpoints/2024_0425(1713993322)\best_model.xz.
2024-04-25 05:38 INFO     epoch=0, batch=2451, train loss= 9866.1386, valid metric= 0.7133
2024-04-25 05:38 INFO     epoch=0, batch=2501, train loss= 9832.7240, valid metric= 0.7358
2024-04-25 05:39 INFO     epoch=0, batch=2551, train loss= 9858.7459, valid metric= 0.7129
2024-04-25 05:39 INFO     epoch=0, batch=2601, train loss= 9847.4113, valid metric= 0.7198
2024-04-25 05:40 INFO     epoch=0, batch=2651, train loss= 9780.3483, valid metric= 0.7422
2024-04-25 05:40 INFO     epoch=0, batch=2701, train loss= 9776.3266, valid metric= 0.6491
2024-04-25 05:41 INFO     epoch=0, batch=2751, train loss= 9736.7848, valid metric= 0.7431
2024-04-25 05:41 INFO     epoch=0, batch=2801, train loss= 9705.7484, valid metric= 0.7568
2024-04-25 05:42 INFO     epoch=0, batch=2851, train loss= 9630.4071, valid metric= 0.7456
2024-04-25 05:42 INFO     epoch=0, batch=2901, train loss= 9583.7455, valid metric= 0.8093.
Find better model, saved to ./checkpoints/2024_0425(1713993322)\best_model.xz.
2024-04-25 05:42 INFO     epoch=0, batch=2951, train loss= 9516.4221, valid metric= 0.7506
2024-04-25 05:43 INFO     epoch=0, batch=3001, train loss= 9482.5549, valid metric= 0.6754
2024-04-25 05:43 INFO     epoch=0, batch=3051, train loss= 9475.2493, valid metric= 0.6901
2024-04-25 05:44 INFO     epoch=0, batch=3101, train loss= 9445.8461, valid metric= 0.7500
2024-04-25 05:44 INFO     epoch=0, batch=3151, train loss= 9373.2370, valid metric= 0.7637
2024-04-25 05:45 INFO     epoch=0, batch=3201, train loss= 9311.7601, valid metric= 0.6786
2024-04-25 05:45 INFO     epoch=0, batch=3251, train loss= 9314.2248, valid metric= 0.6915
2024-04-25 05:46 INFO     epoch=0, batch=3301, train loss= 9301.5020, valid metric= 0.7504
2024-04-25 05:46 INFO     epoch=0, batch=3351, train loss= 9234.0393, valid metric= 0.7920
2024-04-25 05:47 INFO     epoch=0, batch=3401, train loss= 9170.2789, valid metric= 0.6883
2024-04-25 05:47 INFO     epoch=0, batch=3451, train loss= 9119.7333, valid metric= 0.7996
2024-04-25 05:48 INFO     epoch=0, batch=3501, train loss= 9101.9102, valid metric= 0.8033
2024-04-25 05:48 INFO     epoch=0, batch=3551, train loss= 9074.7409, valid metric= 0.7788
2024-04-25 05:48 INFO     epoch=0, batch=3601, train loss= 9110.3208, valid metric= 0.6963
2024-04-25 05:49 INFO     epoch=0, batch=3651, train loss= 9140.0132, valid metric= 0.6482
2024-04-25 05:49 INFO     epoch=0, batch=3701, train loss= 9123.0014, valid metric= 0.7804
2024-04-25 05:50 INFO     epoch=0, batch=3751, train loss= 9080.9822, valid metric= 0.7321
2024-04-25 05:50 INFO     epoch=0, batch=3801, train loss= 9057.8702, valid metric= 0.7414
2024-04-25 05:51 INFO     epoch=0, batch=3851, train loss= 9014.2554, valid metric= 0.8152.
Find better model, saved to ./checkpoints/2024_0425(1713993322)\best_model.xz.
2024-04-25 05:51 INFO     epoch=0, batch=3901, train loss= 9018.8203, valid metric= 0.7708
2024-04-25 05:52 INFO     epoch=0, batch=3951, train loss= 8978.1236, valid metric= 0.7477
2024-04-25 05:52 INFO     epoch=0, batch=4001, train loss= 8925.0678, valid metric= 0.7838
2024-04-25 05:53 INFO     epoch=0, batch=4051, train loss= 8884.0692, valid metric= 0.7384
2024-04-25 05:53 INFO     epoch=0, batch=4101, train loss= 8857.9236, valid metric= 0.7194
2024-04-25 05:54 INFO     epoch=0, batch=4151, train loss= 8809.0684, valid metric= 0.7834
2024-04-25 05:54 INFO     epoch=0, batch=4201, train loss= 8784.1036, valid metric= 0.7564
2024-04-25 05:54 INFO     epoch=0, batch=4251, train loss= 8776.9191, valid metric= 0.7863
2024-04-25 05:55 INFO     epoch=0, batch=4301, train loss= 8740.7613, valid metric= 0.7570
2024-04-25 05:55 INFO     epoch=0, batch=4351, train loss= 8691.5263, valid metric= 0.7557
2024-04-25 05:56 INFO     epoch=0, batch=4401, train loss= 8677.2815, valid metric= 0.7745
2024-04-25 05:56 INFO     epoch=0, batch=4451, train loss= 8646.0354, valid metric= 0.7665
2024-04-25 05:57 INFO     epoch=0, batch=4501, train loss= 8624.9968, valid metric= 0.7552
2024-04-25 05:57 INFO     epoch=0, batch=4551, train loss= 8630.4032, valid metric= 0.7194
2024-04-25 05:58 INFO     epoch=0, batch=4601, train loss= 8616.8822, valid metric= 0.7751
2024-04-25 05:58 INFO     epoch=0, batch=4651, train loss= 8591.0204, valid metric= 0.7388
2024-04-25 05:59 INFO     epoch=0, batch=4701, train loss= 8578.0209, valid metric= 0.7503
2024-04-25 05:59 INFO     epoch=0, batch=4751, train loss= 8571.8102, valid metric= 0.7466
2024-04-25 05:59 INFO     epoch=0, batch=4801, train loss= 8550.0655, valid metric= 0.7683
2024-04-25 06:00 INFO     epoch=0, batch=4851, train loss= 8532.7187, valid metric= 0.8192.
Find better model, saved to ./checkpoints/2024_0425(1713993322)\best_model.xz.
2024-04-25 06:00 INFO     epoch=0, batch=4901, train loss= 8500.6201, valid metric= 0.7768
2024-04-25 06:01 INFO     epoch=0, batch=4951, train loss= 8470.8758, valid metric= 0.7926
2024-04-25 06:01 INFO     epoch=0, batch=5001, train loss= 8436.5561, valid metric= 0.7390
2024-04-25 06:02 INFO     epoch=0, batch=5051, train loss= 8424.9098, valid metric= 0.7808
2024-04-25 06:02 INFO     epoch=0, batch=5101, train loss= 8398.4785, valid metric= 0.7469
2024-04-25 06:03 INFO     epoch=0, batch=5151, train loss= 8385.6076, valid metric= 0.7552
2024-04-25 06:03 INFO     epoch=0, batch=5201, train loss= 8345.4201, valid metric= 0.7862
2024-04-25 06:04 INFO     epoch=0, batch=5251, train loss= 8320.7750, valid metric= 0.8188
2024-04-25 06:04 INFO     epoch=0, batch=5301, train loss= 8298.5621, valid metric= 0.8103
2024-04-25 06:05 INFO     epoch=0, batch=5351, train loss= 8264.4550, valid metric= 0.8055
2024-04-25 06:05 INFO     epoch=0, batch=5401, train loss= 8236.8747, valid metric= 0.7446
2024-04-25 06:06 INFO     epoch=0, batch=5451, train loss= 8202.9503, valid metric= 0.8023
2024-04-25 06:06 INFO     epoch=0, batch=5501, train loss= 8191.6468, valid metric= 0.6305
2024-04-25 06:06 INFO     epoch=0, batch=5551, train loss= 8183.3551, valid metric= 0.6308
2024-04-25 06:07 INFO     epoch=0, batch=5601, train loss= 8167.9822, valid metric= 0.7881
2024-04-25 06:07 INFO     epoch=0, batch=5651, train loss= 8151.5847, valid metric= 0.7784
2024-04-25 06:08 INFO     epoch=0, batch=5701, train loss= 8143.6547, valid metric= 0.7610
2024-04-25 06:08 INFO     epoch=0, batch=5751, train loss= 8115.9657, valid metric= 0.7638
2024-04-25 06:09 INFO     epoch=0, batch=5801, train loss= 8078.9461, valid metric= 0.7798
2024-04-25 06:09 INFO     epoch=0, batch=5851, train loss= 8047.3458, valid metric= 0.7561
2024-04-25 06:10 INFO     epoch=0, batch=5901, train loss= 8030.1861, valid metric= 0.7997
2024-04-25 06:10 INFO     epoch=0, batch=5951, train loss= 8016.8493, valid metric= 0.7660
2024-04-25 06:11 INFO     epoch=1, batch=1, train loss= 3130.6746, valid metric= 0.7610
2024-04-25 06:11 INFO     epoch=1, batch=51, train loss= 5407.5349, valid metric= 0.7363
2024-04-25 06:11 INFO     epoch=1, batch=101, train loss= 5404.2512, valid metric= 0.6744
2024-04-25 06:12 INFO     epoch=1, batch=151, train loss= 5663.8102, valid metric= 0.7787
2024-04-25 06:12 INFO     epoch=1, batch=201, train loss= 5335.9923, valid metric= 0.7630
2024-04-25 06:13 INFO     epoch=1, batch=251, train loss= 5424.8086, valid metric= 0.7406
2024-04-25 06:13 INFO     epoch=1, batch=301, train loss= 5438.4690, valid metric= 0.8030
2024-04-25 06:14 INFO     epoch=1, batch=351, train loss= 5374.4800, valid metric= 0.7802
2024-04-25 06:14 INFO     epoch=1, batch=401, train loss= 5379.4590, valid metric= 0.7678
2024-04-25 06:15 INFO     epoch=1, batch=451, train loss= 5480.9070, valid metric= 0.7698
2024-04-25 06:15 INFO     epoch=1, batch=501, train loss= 5512.6810, valid metric= 0.7451
2024-04-25 06:16 INFO     epoch=1, batch=551, train loss= 5398.6972, valid metric= 0.7546
2024-04-25 06:16 INFO     epoch=1, batch=601, train loss= 5233.5396, valid metric= 0.7791
2024-04-25 06:17 INFO     epoch=1, batch=651, train loss= 5381.7668, valid metric= 0.6478
2024-04-25 06:17 INFO     epoch=1, batch=701, train loss= 5456.3479, valid metric= 0.7638
2024-04-25 06:17 INFO     epoch=1, batch=751, train loss= 5409.2993, valid metric= 0.7938
2024-04-25 06:18 INFO     epoch=1, batch=801, train loss= 5347.8765, valid metric= 0.7793
2024-04-25 06:18 INFO     epoch=1, batch=851, train loss= 5267.9025, valid metric= 0.8044
2024-04-25 06:19 INFO     epoch=1, batch=901, train loss= 5225.4004, valid metric= 0.8107
2024-04-25 06:19 INFO     epoch=1, batch=951, train loss= 5189.2244, valid metric= 0.7573
2024-04-25 06:20 INFO     epoch=1, batch=1001, train loss= 5205.2765, valid metric= 0.7407
2024-04-25 06:20 INFO     epoch=1, batch=1051, train loss= 5156.3447, valid metric= 0.7668
2024-04-25 06:21 INFO     epoch=1, batch=1101, train loss= 5114.8635, valid metric= 0.8170
2024-04-25 06:21 INFO     epoch=1, batch=1151, train loss= 5092.8917, valid metric= 0.7857
2024-04-25 06:22 INFO     epoch=1, batch=1201, train loss= 5119.6697, valid metric= 0.7935
2024-04-25 06:22 INFO     epoch=1, batch=1251, train loss= 5109.5757, valid metric= 0.6797
2024-04-25 06:23 INFO     epoch=1, batch=1301, train loss= 5062.6590, valid metric= 0.7688
2024-04-25 06:23 INFO     epoch=1, batch=1351, train loss= 5037.5085, valid metric= 0.7630
2024-04-25 06:23 INFO     epoch=1, batch=1401, train loss= 5006.5137, valid metric= 0.7725
2024-04-25 06:24 INFO     epoch=1, batch=1451, train loss= 4995.6098, valid metric= 0.8334.
Find better model, saved to ./checkpoints/2024_0425(1713993322)\best_model.xz.
2024-04-25 06:24 INFO     epoch=1, batch=1501, train loss= 4986.8567, valid metric= 0.8065
2024-04-25 06:25 INFO     epoch=1, batch=1551, train loss= 4970.7270, valid metric= 0.8159
2024-04-25 06:25 INFO     epoch=1, batch=1601, train loss= 4928.7069, valid metric= 0.7906
2024-04-25 06:26 INFO     epoch=1, batch=1651, train loss= 4877.0880, valid metric= 0.7933
2024-04-25 06:26 INFO     epoch=1, batch=1701, train loss= 4880.7773, valid metric= 0.7442
2024-04-25 06:27 INFO     epoch=1, batch=1751, train loss= 4872.0725, valid metric= 0.7446
2024-04-25 06:27 INFO     epoch=1, batch=1801, train loss= 4849.6083, valid metric= 0.8333
2024-04-25 06:28 INFO     epoch=1, batch=1851, train loss= 4821.1238, valid metric= 0.8265
2024-04-25 06:28 INFO     epoch=1, batch=1901, train loss= 4778.1628, valid metric= 0.8154
2024-04-25 06:28 INFO     epoch=1, batch=1951, train loss= 4770.8999, valid metric= 0.8128
2024-04-25 06:29 INFO     epoch=1, batch=2001, train loss= 4730.2842, valid metric= 0.8143
2024-04-25 06:29 INFO     epoch=1, batch=2051, train loss= 4687.6332, valid metric= 0.7584
2024-04-25 06:30 INFO     epoch=1, batch=2101, train loss= 4718.4160, valid metric= 0.7991
2024-04-25 06:30 INFO     epoch=1, batch=2151, train loss= 4718.2878, valid metric= 0.7913
2024-04-25 06:31 INFO     epoch=1, batch=2201, train loss= 4705.4138, valid metric= 0.8134
2024-04-25 06:31 INFO     epoch=1, batch=2251, train loss= 4718.3147, valid metric= 0.7811
2024-04-25 06:32 INFO     epoch=1, batch=2301, train loss= 4707.6833, valid metric= 0.8209
2024-04-25 06:32 INFO     epoch=1, batch=2351, train loss= 4689.2327, valid metric= 0.7476
2024-04-25 06:33 INFO     epoch=1, batch=2401, train loss= 4670.1868, valid metric= 0.8261
2024-04-25 06:33 INFO     epoch=1, batch=2451, train loss= 4648.1223, valid metric= 0.7608
2024-04-25 06:34 INFO     epoch=1, batch=2501, train loss= 4635.0705, valid metric= 0.8032
2024-04-25 06:34 INFO     epoch=1, batch=2551, train loss= 4613.2973, valid metric= 0.7933
2024-04-25 06:34 INFO     epoch=1, batch=2601, train loss= 4585.7088, valid metric= 0.8082
2024-04-25 06:35 INFO     epoch=1, batch=2651, train loss= 4545.7709, valid metric= 0.8173
2024-04-25 06:35 INFO     epoch=1, batch=2701, train loss= 4513.9172, valid metric= 0.7812
2024-04-25 06:36 INFO     epoch=1, batch=2751, train loss= 4486.6844, valid metric= 0.8141
2024-04-25 06:36 INFO     epoch=1, batch=2801, train loss= 4481.9194, valid metric= 0.7438
2024-04-25 06:37 INFO     epoch=1, batch=2851, train loss= 4456.2232, valid metric= 0.8007
2024-04-25 06:37 INFO     epoch=1, batch=2901, train loss= 4418.6730, valid metric= 0.8076
2024-04-25 06:38 INFO     epoch=1, batch=2951, train loss= 4386.4743, valid metric= 0.8047
2024-04-25 06:38 INFO     epoch=1, batch=3001, train loss= 4348.8965, valid metric= 0.7706
2024-04-25 06:39 INFO     epoch=1, batch=3051, train loss= 4335.5023, valid metric= 0.7782
2024-04-25 06:39 INFO     epoch=1, batch=3101, train loss= 4315.9349, valid metric= 0.8287
2024-04-25 06:40 INFO     epoch=1, batch=3151, train loss= 4273.1211, valid metric= 0.7832
2024-04-25 06:40 INFO     epoch=1, batch=3201, train loss= 4243.0471, valid metric= 0.7688
2024-04-25 06:40 INFO     epoch=1, batch=3251, train loss= 4229.7716, valid metric= 0.7655
2024-04-25 06:41 INFO     epoch=1, batch=3301, train loss= 4206.6848, valid metric= 0.8249
2024-04-25 06:41 INFO     epoch=1, batch=3351, train loss= 4175.4727, valid metric= 0.8197
2024-04-25 06:41 INFO     epoch=2, batch=1, train loss= 889.2618, valid metric= 0.7985
2024-04-25 06:42 INFO     epoch=2, batch=51, train loss= 2864.1206, valid metric= 0.7851
2024-04-25 06:42 INFO     epoch=2, batch=101, train loss= 2824.0398, valid metric= 0.7760
2024-04-25 06:43 INFO     epoch=2, batch=151, train loss= 2915.6301, valid metric= 0.6633
2024-04-25 06:43 INFO     epoch=2, batch=201, train loss= 2987.4122, valid metric= 0.8036
2024-04-25 06:44 INFO     epoch=2, batch=251, train loss= 2848.8984, valid metric= 0.7948
2024-04-25 06:44 INFO     epoch=2, batch=301, train loss= 2825.8129, valid metric= 0.8132
2024-04-25 06:45 INFO     epoch=2, batch=351, train loss= 2829.6329, valid metric= 0.7876
2024-04-25 06:45 INFO     epoch=2, batch=401, train loss= 2818.8076, valid metric= 0.8194
2024-04-25 06:46 INFO     epoch=2, batch=451, train loss= 2758.9758, valid metric= 0.8138
2024-04-25 06:46 INFO     epoch=2, batch=501, train loss= 2721.1156, valid metric= 0.7578
2024-04-25 06:46 INFO     epoch=2, batch=551, train loss= 2687.9562, valid metric= 0.7339
2024-04-25 06:47 INFO     epoch=2, batch=601, train loss= 2570.4433, valid metric= 0.8126
2024-04-25 06:47 INFO     epoch=2, batch=651, train loss= 2552.5584, valid metric= 0.7814
2024-04-25 06:48 INFO     epoch=2, batch=701, train loss= 2521.7112, valid metric= 0.7745
2024-04-25 06:48 INFO     epoch=2, batch=751, train loss= 2471.4639, valid metric= 0.7475
2024-04-25 06:49 INFO     epoch=2, batch=801, train loss= 2446.7100, valid metric= 0.7836
2024-04-25 06:49 INFO     epoch=2, batch=851, train loss= 2422.6871, valid metric= 0.7871
2024-04-25 06:50 INFO     epoch=2, batch=901, train loss= 2387.1245, valid metric= 0.7785
2024-04-25 06:50 INFO     epoch=2, batch=951, train loss= 2345.4612, valid metric= 0.7956
2024-04-25 06:51 INFO     epoch=2, batch=1001, train loss= 2340.6535, valid metric= 0.7863
2024-04-25 06:51 INFO     epoch=2, batch=1051, train loss= 2311.2923, valid metric= 0.8057
2024-04-25 06:52 INFO     epoch=2, batch=1101, train loss= 2278.5688, valid metric= 0.8237
2024-04-25 06:52 INFO     epoch=2, batch=1151, train loss= 2258.2443, valid metric= 0.8113
2024-04-25 06:52 INFO     epoch=2, batch=1201, train loss= 2233.0384, valid metric= 0.7925
2024-04-25 06:53 INFO     epoch=2, batch=1251, train loss= 2215.2726, valid metric= 0.8210
2024-04-25 06:53 INFO     epoch=2, batch=1301, train loss= 2193.1862, valid metric= 0.7711
2024-04-25 06:54 INFO     epoch=2, batch=1351, train loss= 2166.9554, valid metric= 0.8014
2024-04-25 06:54 INFO     epoch=2, batch=1401, train loss= 2157.5265, valid metric= 0.7715
2024-04-25 06:55 INFO     epoch=2, batch=1451, train loss= 2141.2542, valid metric= 0.8270
2024-04-25 06:55 INFO     epoch=2, batch=1501, train loss= 2119.8918, valid metric= 0.8158
2024-04-25 06:56 INFO     epoch=2, batch=1551, train loss= 2101.6224, valid metric= 0.8065
2024-04-25 06:56 INFO     epoch=2, batch=1601, train loss= 2083.7881, valid metric= 0.7939
2024-04-25 06:57 INFO     epoch=2, batch=1651, train loss= 2062.3138, valid metric= 0.8139
2024-04-25 06:57 INFO     epoch=2, batch=1701, train loss= 2057.5572, valid metric= 0.7687
2024-04-25 06:57 INFO     epoch=2, batch=1751, train loss= 2041.4871, valid metric= 0.7803
2024-04-25 06:58 INFO     epoch=2, batch=1801, train loss= 2035.1928, valid metric= 0.8277
2024-04-25 06:58 INFO     epoch=2, batch=1851, train loss= 2019.3355, valid metric= 0.8153
2024-04-25 06:58 INFO     epoch=3, batch=1, train loss= 2389.4601, valid metric= 0.7950
2024-04-25 06:59 INFO     epoch=3, batch=51, train loss= 1416.6391, valid metric= 0.7543
2024-04-25 06:59 INFO     epoch=3, batch=101, train loss= 1564.5323, valid metric= 0.8101
2024-04-25 07:00 INFO     epoch=3, batch=151, train loss= 1544.7163, valid metric= 0.7521
2024-04-25 07:00 INFO     epoch=3, batch=201, train loss= 1512.0433, valid metric= 0.8140
2024-04-25 07:01 INFO     epoch=3, batch=251, train loss= 1404.1366, valid metric= 0.8154
2024-04-25 07:01 INFO     epoch=3, batch=301, train loss= 1366.9318, valid metric= 0.8203
2024-04-25 07:02 INFO     epoch=3, batch=351, train loss= 1355.7613, valid metric= 0.7789
2024-04-25 07:02 INFO     epoch=3, batch=401, train loss= 1309.7030, valid metric= 0.8287
2024-04-25 07:03 INFO     epoch=3, batch=451, train loss= 1307.4350, valid metric= 0.7948
2024-04-25 07:03 INFO     epoch=3, batch=501, train loss= 1300.9920, valid metric= 0.7414
2024-04-25 07:03 INFO     epoch=3, batch=551, train loss= 1293.2065, valid metric= 0.7804
2024-04-25 07:04 INFO     epoch=3, batch=601, train loss= 1233.3043, valid metric= 0.8154
2024-04-25 07:04 INFO     epoch=3, batch=651, train loss= 1225.8563, valid metric= 0.7908
2024-04-25 07:05 INFO     epoch=3, batch=701, train loss= 1219.7602, valid metric= 0.7676
2024-04-25 07:05 INFO     epoch=3, batch=751, train loss= 1192.8038, valid metric= 0.8093
2024-04-25 07:06 INFO     epoch=3, batch=801, train loss= 1165.8891, valid metric= 0.8349.
Find better model, saved to ./checkpoints/2024_0425(1713993322)\best_model.xz.
2024-04-25 07:06 INFO     epoch=3, batch=851, train loss= 1151.9949, valid metric= 0.7702
2024-04-25 07:07 INFO     epoch=3, batch=901, train loss= 1130.3184, valid metric= 0.7306
2024-04-25 07:07 INFO     epoch=3, batch=951, train loss= 1106.8029, valid metric= 0.8070
2024-04-25 07:08 INFO     epoch=3, batch=1001, train loss= 1113.2237, valid metric= 0.8240
2024-04-25 07:08 INFO     epoch=3, batch=1051, train loss= 1093.6075, valid metric= 0.7874
2024-04-25 07:09 INFO     epoch=3, batch=1101, train loss= 1080.2428, valid metric= 0.8333
2024-04-25 07:09 INFO     epoch=3, batch=1151, train loss= 1064.0824, valid metric= 0.8249
2024-04-25 07:09 INFO     epoch=3, batch=1201, train loss= 1058.0337, valid metric= 0.8001
2024-04-25 07:10 INFO     epoch=3, batch=1251, train loss= 1046.6365, valid metric= 0.8101
2024-04-25 07:10 INFO     epoch=3, batch=1301, train loss= 1025.8985, valid metric= 0.8193
2024-04-25 07:11 INFO     epoch=3, batch=1351, train loss= 1009.7323, valid metric= 0.8171
2024-04-25 07:11 INFO     epoch=3, batch=1401, train loss= 994.7898, valid metric= 0.8210
2024-04-25 07:12 INFO     epoch=3, batch=1451, train loss= 977.2540, valid metric= 0.8093
2024-04-25 07:12 INFO     epoch=3, batch=1501, train loss= 966.4717, valid metric= 0.8135
2024-04-25 07:13 INFO     epoch=3, batch=1551, train loss= 957.5495, valid metric= 0.7909
2024-04-25 07:13 INFO     epoch=3, batch=1601, train loss= 944.8456, valid metric= 0.7962
2024-04-25 07:14 INFO     epoch=3, batch=1651, train loss= 930.4803, valid metric= 0.8152
2024-04-25 07:14 INFO     epoch=3, batch=1701, train loss= 919.1139, valid metric= 0.7859
2024-04-25 07:15 INFO     epoch=3, batch=1751, train loss= 907.1798, valid metric= 0.8129
2024-04-25 07:15 INFO     epoch=3, batch=1801, train loss= 897.8626, valid metric= 0.7982
2024-04-25 07:15 INFO     epoch=3, batch=1851, train loss= 883.8751, valid metric= 0.8013
2024-04-25 07:16 INFO     epoch=3, batch=1901, train loss= 872.8292, valid metric= 0.7834
2024-04-25 07:16 INFO     epoch=3, batch=1951, train loss= 862.3716, valid metric= 0.8213
2024-04-25 07:17 INFO     epoch=3, batch=2001, train loss= 850.9692, valid metric= 0.7977
2024-04-25 07:17 INFO     epoch=3, batch=2051, train loss= 838.1444, valid metric= 0.7907
2024-04-25 07:18 INFO     epoch=3, batch=2101, train loss= 830.6039, valid metric= 0.7782
2024-04-25 07:18 INFO     epoch=3, batch=2151, train loss= 819.8992, valid metric= 0.8171
2024-04-25 07:19 INFO     epoch=3, batch=2201, train loss= 809.1898, valid metric= 0.8066
2024-04-25 07:19 INFO     epoch=3, batch=2251, train loss= 800.0770, valid metric= 0.8263
2024-04-25 07:20 INFO     epoch=3, batch=2301, train loss= 787.6207, valid metric= 0.8213
2024-04-25 07:20 INFO     epoch=3, batch=2351, train loss= 775.3594, valid metric= 0.7978
2024-04-25 07:21 INFO     epoch=3, batch=2401, train loss= 765.7527, valid metric= 0.7755
2024-04-25 07:21 INFO     epoch=3, batch=2451, train loss= 755.2293, valid metric= 0.8221
2024-04-25 07:21 INFO     epoch=3, batch=2501, train loss= 744.7832, valid metric= 0.7505
2024-04-25 07:22 INFO     epoch=3, batch=2551, train loss= 734.5142, valid metric= 0.8036
2024-04-25 07:22 INFO     epoch=3, batch=2601, train loss= 724.0191, valid metric= 0.8010
2024-04-25 07:23 INFO     epoch=3, batch=2651, train loss= 713.0891, valid metric= 0.8117
2024-04-25 07:23 INFO     epoch=3, batch=2701, train loss= 703.3762, valid metric= 0.8111
2024-04-25 07:23 INFO     training done, best metric = 0.8349166666666666
2024-04-25 07:23 INFO     test done, metric = 0.8314
